Arguments: 
  /Users/shivammishra/.nvm/versions/node/v12.18.1/bin/node /usr/local/Cellar/yarn/1.22.4/libexec/bin/yarn.js add tailwindcss

PATH: 
  /Users/shivammishra/.jenv/shims:/Users/shivammishra/.jenv/bin:/usr/local/opt/openjdk/bin:/Users/shivammishra/.nvm/versions/node/v12.18.1/bin:/Users/shivammishra/.pyenv/shims:/Applications/Postgres.app/Contents/Versions/12/bin/:/Users/shivammishra/Projects/nimo/node_modules/.bin:/usr/local/lib/node_modules/.bin:/usr/local/opt/sqlite/bin:/Users/shivammishra/.pyenv/bin:/usr/local/opt/openssl@1.1/bin:/usr/local/bin:/usr/bin:/bin:/usr/sbin:/sbin:/usr/local/go/bin:/Applications/Postgres.app/Contents/Versions/latest/bin:/Users/shivammishra/bin

Yarn version: 
  1.22.4

Node version: 
  12.18.1

Platform: 
  darwin x64

Trace: 
  Error: getaddrinfo ENOTFOUND registry.yarnpkg.com
      at GetAddrInfoReqWrap.onlookup [as oncomplete] (dns.js:66:26)

npm manifest: 
  No manifest

yarn manifest: 
  No manifest

Lockfile: 
  # THIS IS AN AUTOGENERATED FILE. DO NOT EDIT THIS FILE DIRECTLY.
  # yarn lockfile v1
